Removed Pin From Net: NetName=Conning Tower Heater FET Pin=R4-1
Removed Pin From Net: NetName=Meter Heater FET Pin=R5-1
Removed Pin From Net: NetName=Arrestment Heater FET Pin=R9-1
Removed Pin From Net: NetName=Gearbox Heater FET Pin=R10-1
Removed Pin From Net: NetName=Board1 Heater FET Pin=R16-1
Removed Pin From Net: NetName=Board2 Heater FET Pin=R17-1
Added Component: Designator=U1(PW0016A_N)
Add component. Clean all parameters for all variants
Add component (AddParameter): Name = "Bits(#)"; Value = "6"; VariantName = "[No Variations]"
Add component (AddParameter): Name = "Case/Package"; Value = "TSSOP"; VariantName = "[No Variations]"
Add component (AddParameter): Name = "Code_JEDEC"; Value = "MO-153"; VariantName = "[No Variations]"
Add component (AddParameter): Name = "ComponentLink1Description"; Value = "https://datasheet.ciiva.com/46415/1847357-46415243.pdf?src-supplier=Element14"; VariantName = "[No Variations]"
Add component (AddParameter): Name = "ComponentLink1URL"; Value = "https://datasheet.ciiva.com/46415/1847357-46415243.pdf?src-supplier=Element14"; VariantName = "[No Variations]"
Add component (AddParameter): Name = "ComponentLink2Description"; Value = "https://datasheet.ciiva.com/26248/cd74hc4049-26248317.pdf?src-supplier=Avnet+Europe"; VariantName = "[No Variations]"
Add component (AddParameter): Name = "ComponentLink2URL"; Value = "https://datasheet.ciiva.com/26248/cd74hc4049-26248317.pdf?src-supplier=Avnet+Europe"; VariantName = "[No Variations]"
Add component (AddParameter): Name = "ComponentLink3Description"; Value = "https://datasheet.ciiva.com/1834/cd74hc4049-1834062.pdf?src-supplier=Digi-Key"; VariantName = "[No Variations]"
Add component (AddParameter): Name = "ComponentLink3URL"; Value = "https://datasheet.ciiva.com/1834/cd74hc4049-1834062.pdf?src-supplier=Digi-Key"; VariantName = "[No Variations]"
Add component (AddParameter): Name = "ComponentLink4Description"; Value = "https://datasheet.ciiva.com/1834/cd74hc4049-1834063.pdf?src-supplier=Digi-Key"; VariantName = "[No Variations]"
Add component (AddParameter): Name = "ComponentLink4URL"; Value = "https://datasheet.ciiva.com/1834/cd74hc4049-1834063.pdf?src-supplier=Digi-Key"; VariantName = "[No Variations]"
Add component (AddParameter): Name = "ComponentLink5Description"; Value = "https://datasheet.ciiva.com/14302/schs205i-14302309.pdf?src-supplier=Avnet"; VariantName = "[No Variations]"
Add component (AddParameter): Name = "ComponentLink5URL"; Value = "https://datasheet.ciiva.com/14302/schs205i-14302309.pdf?src-supplier=Avnet"; VariantName = "[No Variations]"
Add component (AddParameter): Name = "ComponentLink6Description"; Value = "https://datasheet.ciiva.com/1834/cd74hc4049-1834061.pdf?src-supplier=Digi-Key"; VariantName = "[No Variations]"
Add component (AddParameter): Name = "ComponentLink6URL"; Value = "https://datasheet.ciiva.com/1834/cd74hc4049-1834061.pdf?src-supplier=Digi-Key"; VariantName = "[No Variations]"
Add component (AddParameter): Name = "ComponentLink7Description"; Value = "https://datasheet.ciiva.com/41455/001015781-da-01-en-ic-buffer-hex-cd74hc4050pwr-tssop-16-tid-41455717.pdf?src-supplier=Conrad"; VariantName = "[No Variations]"
Add component (AddParameter): Name = "ComponentLink7URL"; Value = "https://datasheet.ciiva.com/41455/001015781-da-01-en-ic-buffer-hex-cd74hc4050pwr-tssop-16-tid-41455717.pdf?src-supplier=Conrad"; VariantName = "[No Variations]"
Add component (AddParameter): Name = "Contact Plating"; Value = "Gold"; VariantName = "[No Variations]"
Add component (AddParameter): Name = "DatasheetVersion"; Value = "SCHS205I"; VariantName = "[No Variations]"
Add component (AddParameter): Name = "F @ Nom Voltage(Max)(Mhz)"; Value = "28"; VariantName = "[No Variations]"
Add component (AddParameter): Name = "Generic Part Number"; Value = "CD74HC4050"; VariantName = "[No Variations]"
Add component (AddParameter): Name = "Height"; Value = "1.15mm"; VariantName = "[No Variations]"
Add component (AddParameter): Name = "High Level Output Current"; Value = "-5.2mA"; VariantName = "[No Variations]"
Add component (AddParameter): Name = "ICC @ Nom Voltage(Max)(mA)"; Value = "0.02"; VariantName = "[No Variations]"
Add component (AddParameter): Name = "Input Type"; Value = "CMOS"; VariantName = "[No Variations]"
Add component (AddParameter): Name = "Lead Free"; Value = "Lead Free"; VariantName = "[No Variations]"
Add component (AddParameter): Name = "Length"; Value = "5mm"; VariantName = "[No Variations]"
Add component (AddParameter): Name = "Logic Function"; Value = "Buffer"; VariantName = "[No Variations]"
Add component (AddParameter): Name = "Low Level Output Current"; Value = "5.2mA"; VariantName = "[No Variations]"
Add component (AddParameter): Name = "Manufacturer"; Value = "Texas Instruments"; VariantName = "[No Variations]"
Add component (AddParameter): Name = "Manufacturer Part Number"; Value = "CD74HC4050PWR"; VariantName = "[No Variations]"
Add component (AddParameter): Name = "Max Operating Temperature"; Value = "125°C"; VariantName = "[No Variations]"
Add component (AddParameter): Name = "Max Supply Voltage"; Value = "6V"; VariantName = "[No Variations]"
Add component (AddParameter): Name = "Min Operating Temperature"; Value = "-55°C"; VariantName = "[No Variations]"
Add component (AddParameter): Name = "Min Supply Voltage"; Value = "2V"; VariantName = "[No Variations]"
Add component (AddParameter): Name = "Mount"; Value = "Surface Mount"; VariantName = "[No Variations]"
Add component (AddParameter): Name = "Number of Bits"; Value = "6"; VariantName = "[No Variations]"
Add component (AddParameter): Name = "Number of Bits per Element"; Value = "1"; VariantName = "[No Variations]"
Add component (AddParameter): Name = "Number of Channels"; Value = "6"; VariantName = "[No Variations]"
Add component (AddParameter): Name = "Number of Elements"; Value = "6"; VariantName = "[No Variations]"
Add component (AddParameter): Name = "Number of Input Lines"; Value = "6"; VariantName = "[No Variations]"
Add component (AddParameter): Name = "Number of Inputs"; Value = "6"; VariantName = "[No Variations]"
Add component (AddParameter): Name = "Number of Output Lines"; Value = "6"; VariantName = "[No Variations]"
Add component (AddParameter): Name = "Number of Outputs"; Value = "6"; VariantName = "[No Variations]"
Add component (AddParameter): Name = "Number of Pins"; Value = "16"; VariantName = "[No Variations]"
Add component (AddParameter): Name = "Operating Temperature Range(C)"; Value = "-55 to 125"; VariantName = "[No Variations]"
Add component (AddParameter): Name = "Output Type"; Value = "CMOS"; VariantName = "[No Variations]"
Add component (AddParameter): Name = "Package Quantity"; Value = "2000"; VariantName = "[No Variations]"
Add component (AddParameter): Name = "PackageReference"; Value = "PW0016A"; VariantName = "[No Variations]"
Add component (AddParameter): Name = "PackageVersion"; Value = "http://www.ti.com/lit/ml/mpds361/mpds361.pdf"; VariantName = "[No Variations]"
Add component (AddParameter): Name = "Packaging"; Value = "Tape and Reel"; VariantName = "[No Variations]"
Add component (AddParameter): Name = "Polarity"; Value = "Non-Inverting"; VariantName = "[No Variations]"
Add component (AddParameter): Name = "Pricing 1"; Value = "1=0.45000, 10=0.38600, 100=0.28840, 500=0.22660, 1000=0.17510 (USD)"; VariantName = "[No Variations]"
Add component (AddParameter): Name = "Propagation Delay"; Value = "14ns"; VariantName = "[No Variations]"
Add component (AddParameter): Name = "Quiescent Current"; Value = "2uA"; VariantName = "[No Variations]"
Add component (AddParameter): Name = "Radiation Hardening"; Value = "No"; VariantName = "[No Variations]"
Add component (AddParameter): Name = "Rating"; Value = "Catalog"; VariantName = "[No Variations]"
Add component (AddParameter): Name = "REACH SVHC"; Value = "No SVHC"; VariantName = "[No Variations]"
Add component (AddParameter): Name = "RoHS"; Value = "Yes"; VariantName = "[No Variations]"
Add component (AddParameter): Name = "Stock 1"; Value = "16059"; VariantName = "[No Variations]"
Add component (AddParameter): Name = "Supplier 1"; Value = "Digi-Key"; VariantName = "[No Variations]"
Add component (AddParameter): Name = "Supplier Part Number 1"; Value = "296-9215-1-ND"; VariantName = "[No Variations]"
Add component (AddParameter): Name = "tpd @ Nom Voltage(Max)(ns)"; Value = "18"; VariantName = "[No Variations]"
Add component (AddParameter): Name = "Turn-On Delay Time"; Value = "14ns"; VariantName = "[No Variations]"
Add component (AddParameter): Name = "VCC(Max)(V)"; Value = "6"; VariantName = "[No Variations]"
Add component (AddParameter): Name = "VCC(Min)(V)"; Value = "2"; VariantName = "[No Variations]"
Add component (AddParameter): Name = "Voltage(Nom)(V)"; Value = "6"; VariantName = "[No Variations]"
Add component (AddParameter): Name = "Width"; Value = "4.4mm"; VariantName = "[No Variations]"
Added Pin To Net: NetName=Gearbox Heater FET Pin=U1-2
Added Pin To Net: NetName=Conning Tower Heater FET Pin=U1-4
Added Pin To Net: NetName=Meter Heater FET Pin=U1-6
Added Pin To Net: NetName=Cross_Yellow Pin=U1-8
Added Pin To Net: NetName=Arrestment Heater FET Pin=U1-10
Added Pin To Net: NetName=Board1 Heater FET Pin=U1-12
Added Pin To Net: NetName=Board2 Heater FET Pin=U1-15
Added Pin To Net: NetName=+3.3 Pin=U1-1
Added Net: Name=+3.3
Added Pin To Net: NetName=Arrestment Heater Pin=U1-9
Added Net: Name=Arrestment Heater
Added Pin To Net: NetName=Board1 Heater Pin=R16-1
Added Pin To Net: NetName=Board1 Heater Pin=U1-11
Added Net: Name=Board1 Heater
Added Pin To Net: NetName=Board2 Heater Pin=R17-1
Added Pin To Net: NetName=Board2 Heater Pin=U1-14
Added Net: Name=Board2 Heater
Added Pin To Net: NetName=Conning Tower Heater Pin=R4-1
Added Pin To Net: NetName=Conning Tower Heater Pin=U1-5
Added Net: Name=Conning Tower Heater
Added Pin To Net: NetName=Gearbox Heater Pin=R10-1
Added Pin To Net: NetName=Gearbox Heater Pin=U1-3
Added Net: Name=Gearbox Heater
Added Pin To Net: NetName=Meter Heater Pin=R5-1
Added Pin To Net: NetName=Meter Heater Pin=U1-7
Added Net: Name=Meter Heater
Added Member To Class: ClassName=U_Heaters Member=Component U1 CD74HC4050PWR
