Removed Pin From Net: NetName=GND Pin=C33-1
Removed Pin From Net: NetName=ZH Pin=C33-2
Removed Pin From Net: NetName=ZP Pin=C34-1
Removed Pin From Net: NetName=GND Pin=C34-2
Removed Pin From Net: NetName=GND Pin=P1-1
Removed Pin From Net: NetName=GND Pin=R64-2
Removed Pin From Net: NetName=NetC35_1 Pin=R68-2
Removed Pin From Net: NetName=NetR67_1 Pin=R71-1
Removed Pin From Net: NetName=NetC36_1 Pin=R71-2
Removed Pin From Net: NetName=ZH Pin=U10-1
Removed Pin From Net: NetName=GND Pin=U10-4
Removed Pin From Net: NetName=ZP Pin=U10-8
Removed Member From Class: ClassName=U_Feedback Member=C32
Removed Member From Class: ClassName=U_Feedback Member=C33
Removed Member From Class: ClassName=U_Feedback Member=C34
Removed Member From Class: ClassName=U_Feedback Member=P1
Removed Member From Class: ClassName=U_Feedback Member=R64
Removed Member From Class: ClassName=U_Feedback Member=R68
Removed Member From Class: ClassName=U_Feedback Member=R71
Change Component Footprint: Designator=U10 Old Footprint=ADI-N-8 New Footprint=DBV0005A_M
Change Component Comment : Designator=U10 Old Comment=AD584KNZ New Comment=OPA188AIDBVR
Change Component Designator: OldDesignator=R? NewDesignator=R10
Change Component Designator: OldDesignator=R? NewDesignator=R13
Change component parameters: Designator = "U10"; Footprint = "DBV0005A_M"; UniqueID = "\OUWECVDB\FKISIFJG\XIHCAJGL"
Change component parameters. Clean all parameters for all variants
Change component parameters (AddParameter): Name = "CMRR(Min)(dB)"; Value = "120"; VariantName = "[No Variations]"
Change component parameters (AddParameter): Name = "Code_JEDEC"; Value = "MO-178"; VariantName = "[No Variations]"
Change component parameters (AddParameter): Name = "ComponentLink1Description"; Value = "Manufacturer URL"; VariantName = "[No Variations]"
Change component parameters (AddParameter): Name = "ComponentLink1URL"; Value = "http://www.ti.com/"; VariantName = "[No Variations]"
Change component parameters (AddParameter): Name = "ComponentLink2Description"; Value = "Datasheet"; VariantName = "[No Variations]"
Change component parameters (AddParameter): Name = "ComponentLink2URL"; Value = "http://www.ti.com/lit/ds/symlink/opa188.pdf"; VariantName = "[No Variations]"
Change component parameters (AddParameter): Name = "ComponentLink3Description"; Value = "Package Specification"; VariantName = "[No Variations]"
Change component parameters (AddParameter): Name = "ComponentLink3URL"; Value = "http://www.ti.com/litv/pdf/mpds018i"; VariantName = "[No Variations]"
Change component parameters (AddParameter): Name = "DatasheetVersion"; Value = "SBOS642A"; VariantName = "[No Variations]"
Change component parameters (AddParameter): Name = "Eco-Plan"; Value = "Green (RoHS & no Sb/Br)"; VariantName = "[No Variations]"
Change component parameters (AddParameter): Name = "GBW(Typ)(MHz)"; Value = "2"; VariantName = "[No Variations]"
Change component parameters (AddParameter): Name = "Iq per channel(Max)(mA)"; Value = "0.51"; VariantName = "[No Variations]"
Change component parameters (AddParameter): Name = "Manufacturer"; Value = "Texas Instruments"; VariantName = "[No Variations]"
Change component parameters (AddParameter): Name = "Mounting Technology"; Value = "Surface Mount"; VariantName = "[No Variations]"
Change component parameters (AddParameter): Name = "Number of Channels"; Value = "1"; VariantName = "[No Variations]"
Change component parameters (AddParameter): Name = "Offset Drift(Typ)(uV/C)"; Value = "0.03"; VariantName = "[No Variations]"
Change component parameters (AddParameter): Name = "PackageDescription"; Value = "5-Pin Plastic Small Outline, Body 1.6 x 2.9 mm, Pitch 0.95 mm"; VariantName = "[No Variations]"
Change component parameters (AddParameter): Name = "PackageReference"; Value = "DBV0005A"; VariantName = "[No Variations]"
Change component parameters (AddParameter): Name = "PackageVersion"; Value = "4073253-4/K, 03/2006"; VariantName = "[No Variations]"
Change component parameters (AddParameter): Name = "Packing"; Value = ""; VariantName = "[No Variations]"
Change component parameters (AddParameter): Name = "PartNumber"; Value = "OPA188AIDBVR"; VariantName = "[No Variations]"
Change component parameters (AddParameter): Name = "Rating"; Value = "Catalog"; VariantName = "[No Variations]"
Change component parameters (AddParameter): Name = "Slew Rate(Typ)(V/us)"; Value = "0.8"; VariantName = "[No Variations]"
Change component parameters (AddParameter): Name = "SubFamily"; Value = "Zero Drift Precision Amplifier"; VariantName = "[No Variations]"
Change component parameters (AddParameter): Name = "Total Supply Voltage(Max)(+5V is 5, +/-5V is 10)"; Value = "36"; VariantName = "[No Variations]"
Change component parameters (AddParameter): Name = "Total Supply Voltage(Min)(+5V is 5, +/-5V is 10)"; Value = "4"; VariantName = "[No Variations]"
Added Component: Designator=R11(RESC0805(2012)_L)
Add component. Clean all parameters for all variants
Add component (AddParameter): Name = "Case-EIA"; Value = "0805"; VariantName = "[No Variations]"
Add component (AddParameter): Name = "Case-Metric"; Value = "2012"; VariantName = "[No Variations]"
Add component (AddParameter): Name = "Power"; Value = "0.125 W"; VariantName = "[No Variations]"
Add component (AddParameter): Name = "Technology"; Value = "SMT"; VariantName = "[No Variations]"
Add component (AddParameter): Name = "Tolerance"; Value = "1 %"; VariantName = "[No Variations]"
Add component (AddParameter): Name = "Value"; Value = "0"; VariantName = "[No Variations]"
Added Component: Designator=R12(RESC0805(2012)_L)
Add component. Clean all parameters for all variants
Add component (AddParameter): Name = "Case-EIA"; Value = "0805"; VariantName = "[No Variations]"
Add component (AddParameter): Name = "Case-Metric"; Value = "2012"; VariantName = "[No Variations]"
Add component (AddParameter): Name = "Power"; Value = "0.125 W"; VariantName = "[No Variations]"
Add component (AddParameter): Name = "Technology"; Value = "SMT"; VariantName = "[No Variations]"
Add component (AddParameter): Name = "Tolerance"; Value = "1 %"; VariantName = "[No Variations]"
Add component (AddParameter): Name = "Value"; Value = "0"; VariantName = "[No Variations]"
Added Component: Designator=R14(RESC0805(2012)_L)
Add component. Clean all parameters for all variants
Add component (AddParameter): Name = "Case-EIA"; Value = "0805"; VariantName = "[No Variations]"
Add component (AddParameter): Name = "Case-Metric"; Value = "2012"; VariantName = "[No Variations]"
Add component (AddParameter): Name = "Power"; Value = "0.125 W"; VariantName = "[No Variations]"
Add component (AddParameter): Name = "Technology"; Value = "SMT"; VariantName = "[No Variations]"
Add component (AddParameter): Name = "Tolerance"; Value = "1 %"; VariantName = "[No Variations]"
Add component (AddParameter): Name = "Value"; Value = "100k"; VariantName = "[No Variations]"
Added Component: Designator=R15(RESC0805(2012)_L)
Add component. Clean all parameters for all variants
Add component (AddParameter): Name = "Case-EIA"; Value = "0805"; VariantName = "[No Variations]"
Add component (AddParameter): Name = "Case-Metric"; Value = "2012"; VariantName = "[No Variations]"
Add component (AddParameter): Name = "Power"; Value = "0.125 W"; VariantName = "[No Variations]"
Add component (AddParameter): Name = "Technology"; Value = "SMT"; VariantName = "[No Variations]"
Add component (AddParameter): Name = "Tolerance"; Value = "1 %"; VariantName = "[No Variations]"
Add component (AddParameter): Name = "Value"; Value = "100k"; VariantName = "[No Variations]"
Added Component: Designator=R16(RESC0805(2012)_L)
Add component. Clean all parameters for all variants
Add component (AddParameter): Name = "Case-EIA"; Value = "0805"; VariantName = "[No Variations]"
Add component (AddParameter): Name = "Case-Metric"; Value = "2012"; VariantName = "[No Variations]"
Add component (AddParameter): Name = "Power"; Value = "0.125 W"; VariantName = "[No Variations]"
Add component (AddParameter): Name = "Technology"; Value = "SMT"; VariantName = "[No Variations]"
Add component (AddParameter): Name = "Tolerance"; Value = "1 %"; VariantName = "[No Variations]"
Add component (AddParameter): Name = "Value"; Value = "100k"; VariantName = "[No Variations]"
Added Component: Designator=R17(RESC0805(2012)_L)
Add component. Clean all parameters for all variants
Add component (AddParameter): Name = "Case-EIA"; Value = "0805"; VariantName = "[No Variations]"
Add component (AddParameter): Name = "Case-Metric"; Value = "2012"; VariantName = "[No Variations]"
Add component (AddParameter): Name = "Power"; Value = "0.125 W"; VariantName = "[No Variations]"
Add component (AddParameter): Name = "Technology"; Value = "SMT"; VariantName = "[No Variations]"
Add component (AddParameter): Name = "Tolerance"; Value = "1 %"; VariantName = "[No Variations]"
Add component (AddParameter): Name = "Value"; Value = "100k"; VariantName = "[No Variations]"
Added Component: Designator=U4(AD5231BRUZ10)
Add component. Clean all parameters for all variants
Added Component: Designator=U5(DBV0005A_M)
Add component. Clean all parameters for all variants
Add component (AddParameter): Name = "CMRR(Min)(dB)"; Value = "120"; VariantName = "[No Variations]"
Add component (AddParameter): Name = "Code_JEDEC"; Value = "MO-178"; VariantName = "[No Variations]"
Add component (AddParameter): Name = "ComponentLink1Description"; Value = "Manufacturer URL"; VariantName = "[No Variations]"
Add component (AddParameter): Name = "ComponentLink1URL"; Value = "http://www.ti.com/"; VariantName = "[No Variations]"
Add component (AddParameter): Name = "ComponentLink2Description"; Value = "Datasheet"; VariantName = "[No Variations]"
Add component (AddParameter): Name = "ComponentLink2URL"; Value = "http://www.ti.com/lit/ds/symlink/opa188.pdf"; VariantName = "[No Variations]"
Add component (AddParameter): Name = "ComponentLink3Description"; Value = "Package Specification"; VariantName = "[No Variations]"
Add component (AddParameter): Name = "ComponentLink3URL"; Value = "http://www.ti.com/litv/pdf/mpds018i"; VariantName = "[No Variations]"
Add component (AddParameter): Name = "DatasheetVersion"; Value = "SBOS642A"; VariantName = "[No Variations]"
Add component (AddParameter): Name = "Eco-Plan"; Value = "Green (RoHS & no Sb/Br)"; VariantName = "[No Variations]"
Add component (AddParameter): Name = "GBW(Typ)(MHz)"; Value = "2"; VariantName = "[No Variations]"
Add component (AddParameter): Name = "Iq per channel(Max)(mA)"; Value = "0.51"; VariantName = "[No Variations]"
Add component (AddParameter): Name = "Manufacturer"; Value = "Texas Instruments"; VariantName = "[No Variations]"
Add component (AddParameter): Name = "Mounting Technology"; Value = "Surface Mount"; VariantName = "[No Variations]"
Add component (AddParameter): Name = "Number of Channels"; Value = "1"; VariantName = "[No Variations]"
Add component (AddParameter): Name = "Offset Drift(Typ)(uV/C)"; Value = "0.03"; VariantName = "[No Variations]"
Add component (AddParameter): Name = "PackageDescription"; Value = "5-Pin Plastic Small Outline, Body 1.6 x 2.9 mm, Pitch 0.95 mm"; VariantName = "[No Variations]"
Add component (AddParameter): Name = "PackageReference"; Value = "DBV0005A"; VariantName = "[No Variations]"
Add component (AddParameter): Name = "PackageVersion"; Value = "4073253-4/K, 03/2006"; VariantName = "[No Variations]"
Add component (AddParameter): Name = "Packing"; Value = ""; VariantName = "[No Variations]"
Add component (AddParameter): Name = "PartNumber"; Value = "OPA188AIDBVR"; VariantName = "[No Variations]"
Add component (AddParameter): Name = "Rating"; Value = "Catalog"; VariantName = "[No Variations]"
Add component (AddParameter): Name = "Slew Rate(Typ)(V/us)"; Value = "0.8"; VariantName = "[No Variations]"
Add component (AddParameter): Name = "SubFamily"; Value = "Zero Drift Precision Amplifier"; VariantName = "[No Variations]"
Add component (AddParameter): Name = "Total Supply Voltage(Max)(+5V is 5, +/-5V is 10)"; Value = "36"; VariantName = "[No Variations]"
Add component (AddParameter): Name = "Total Supply Voltage(Min)(+5V is 5, +/-5V is 10)"; Value = "4"; VariantName = "[No Variations]"
Added Pin To Net: NetName=Top Sense Plate Force Pin=R14-2
Added Pin To Net: NetName=GND Pin=R15-1
Added Pin To Net: NetName=Bottom Sense Plate Force Pin=R16-2
Added Pin To Net: NetName=GND Pin=R17-1
Added Pin To Net: NetName=GND Pin=R74-1
Added Pin To Net: NetName=GND Pin=R75-1
Added Pin To Net: NetName=GND Pin=U4-5
Added Pin To Net: NetName=GND Pin=U4-6
Added Pin To Net: NetName=GND Pin=U4-9
Added Pin To Net: NetName=+5R Pin=U4-11
Added Pin To Net: NetName=GND Pin=U5-2
Added Pin To Net: NetName=+3.3 Pin=U5-5
Added Pin To Net: NetName=GND Pin=U10-2
Added Pin To Net: NetName=+3.3 Pin=U10-5
Change Net Name : Old Net Name=NetR?_2 New Net Name=NetR10_2
Added Pin To Net: NetName=NetR11_1 Pin=R11-1
Added Pin To Net: NetName=NetR11_1 Pin=R66-1
Added Pin To Net: NetName=NetR11_1 Pin=R69-1
Added Net: Name=NetR11_1
Added Pin To Net: NetName=NetR11_2 Pin=R11-2
Added Pin To Net: NetName=NetR11_2 Pin=U4-10
Added Net: Name=NetR11_2
Added Pin To Net: NetName=NetR12_1 Pin=R12-1
Added Pin To Net: NetName=NetR12_1 Pin=R69-3
Added Pin To Net: NetName=NetR12_1 Pin=R70-2
Added Net: Name=NetR12_1
Added Pin To Net: NetName=NetR12_2 Pin=R12-2
Added Pin To Net: NetName=NetR12_2 Pin=U4-8
Added Net: Name=NetR12_2
Added Pin To Net: NetName=NetR13_2 Pin=R13-2
Added Pin To Net: NetName=NetR13_2 Pin=U11-1
Added Net: Name=NetR13_2
Added Pin To Net: NetName=NetR14_1 Pin=R14-1
Added Pin To Net: NetName=NetR14_1 Pin=R15-2
Added Pin To Net: NetName=NetR14_1 Pin=U5-3
Added Net: Name=NetR14_1
Added Pin To Net: NetName=NetR16_1 Pin=R16-1
Added Pin To Net: NetName=NetR16_1 Pin=R17-2
Added Pin To Net: NetName=NetR16_1 Pin=U10-3
Added Net: Name=NetR16_1
Added Pin To Net: NetName=NetR73_1 Pin=R73-1
Added Pin To Net: NetName=NetR73_1 Pin=U11-3
Added Net: Name=NetR73_1
Added Pin To Net: NetName=NetU5_1 Pin=U5-1
Added Pin To Net: NetName=NetU5_1 Pin=U5-4
Added Net: Name=NetU5_1
Added Pin To Net: NetName=NetU10_1 Pin=U10-1
Added Pin To Net: NetName=NetU10_1 Pin=U10-4
Added Net: Name=NetU10_1
Added Member To Class: ClassName=U_Feedback Member=Component R10 100
Added Member To Class: ClassName=U_Feedback Member=Component R11 DNP
Added Member To Class: ClassName=U_Feedback Member=Component R12 DNP
Added Member To Class: ClassName=U_Feedback Member=Component R14 100k
Added Member To Class: ClassName=U_Feedback Member=Component R15 100k
Added Member To Class: ClassName=U_Feedback Member=Component R16 100k
Added Member To Class: ClassName=U_Feedback Member=Component R17 100k
Added Member To Class: ClassName=U_Feedback Member=Component U4 AD5231BRUZ10
Added Member To Class: ClassName=U_Feedback Member=Component U5 OPA188AIDBVR
