Removed Pin From Net: NetName=PC11 Pin=CN1-2
Removed Pin From Net: NetName=GND Pin=CN1-8
Removed Pin From Net: NetName=NRST Pin=CN1-14
Removed Pin From Net: NetName=5V Pin=CN1-18
Removed Pin From Net: NetName=GND Pin=CN1-19
Removed Pin From Net: NetName=GND Pin=CN1-20
Removed Pin From Net: NetName=GND Pin=CN1-22
Removed Pin From Net: NetName=GND Pin=CN1-49
Removed Pin From Net: NetName=GND Pin=CN1-60
Removed Pin From Net: NetName=PG11 Pin=CN1-70
Removed Pin From Net: NetName=PC6 Pin=CN2-4
Removed Pin From Net: NetName=GND Pin=CN2-9
Removed Pin From Net: NetName=GND Pin=CN2-20
Removed Pin From Net: NetName=GND Pin=CN2-39
Removed Pin From Net: NetName=GND Pin=CN2-54
Removed Pin From Net: NetName=PF11 Pin=CN2-62
Removed Pin From Net: NetName=GND Pin=CN2-63
Removed Pin From Net: NetName=PE0 Pin=CN2-64
Change Component Footprint: Designator=CN1 Old Footprint=CON_SAMTEC_TSW-135-07-X-D New Footprint=SSW-140-23-G-D
Change Component Footprint: Designator=CN2 Old Footprint=CON_SAMTEC_TSW-135-07-X-D New Footprint=SSW-140-23-G-D
Change Component Comment : Designator=CN1 Old Comment=Header 35x2 New Comment=SSW-140-23-G-D
Change Component Comment : Designator=CN2 Old Comment=Header 35x2 New Comment=SSW-140-23-G-D
Change component parameters: Designator = "CN1"; Footprint = "SSW-140-23-G-D"; UniqueID = "\OUWECVDB\XABPOXYV\CXOFRLJI"
Change component parameters. Clean all parameters for all variants
Change component parameters (AddParameter): Name = "ComponentLink1Description"; Value = "http://www.samtec.com/documents/webfiles/pdf/SSQ_TH.PDF?src-supplier=Avnet"; VariantName = "[No Variations]"
Change component parameters (AddParameter): Name = "ComponentLink1URL"; Value = "http://www.samtec.com/documents/webfiles/pdf/SSQ_TH.PDF?src-supplier=Avnet"; VariantName = "[No Variations]"
Change component parameters (AddParameter): Name = "Contact Plating"; Value = "Gold"; VariantName = "[No Variations]"
Change component parameters (AddParameter): Name = "Gender"; Value = "Female"; VariantName = "[No Variations]"
Change component parameters (AddParameter): Name = "Manufacturer"; Value = "Samtec"; VariantName = "[No Variations]"
Change component parameters (AddParameter): Name = "Manufacturer Part Number"; Value = "SSW-140-23-G-D"; VariantName = "[No Variations]"
Change component parameters (AddParameter): Name = "Mount"; Value = "Through Hole"; VariantName = "[No Variations]"
Change component parameters (AddParameter): Name = "Number of Contacts"; Value = "80"; VariantName = "[No Variations]"
Change component parameters (AddParameter): Name = "Number of Rows"; Value = "2"; VariantName = "[No Variations]"
Change component parameters (AddParameter): Name = "Packaging"; Value = "Bulk"; VariantName = "[No Variations]"
Change component parameters (AddParameter): Name = "Pitch"; Value = "2.54mm"; VariantName = "[No Variations]"
Change component parameters (AddParameter): Name = "Pricing 1"; Value = "1=13.99000, 10=13.29000, 25=12.59000, 50=12.09000, 100=11.29000 (USD)"; VariantName = "[No Variations]"
Change component parameters (AddParameter): Name = "Radiation Hardening"; Value = "No"; VariantName = "[No Variations]"
Change component parameters (AddParameter): Name = "RoHS"; Value = "Yes"; VariantName = "[No Variations]"
Change component parameters (AddParameter): Name = "Stock 1"; Value = "0"; VariantName = "[No Variations]"
Change component parameters (AddParameter): Name = "Supplier 1"; Value = "Avnet"; VariantName = "[No Variations]"
Change component parameters (AddParameter): Name = "Supplier Part Number 1"; Value = "SSW-140-23-G-D"; VariantName = "[No Variations]"
Change component parameters (AddParameter): Name = "Termination"; Value = "Solder"; VariantName = "[No Variations]"
Change component parameters: Designator = "CN2"; Footprint = "SSW-140-23-G-D"; UniqueID = "\OUWECVDB\XABPOXYV\OPOMQDNX"
Change component parameters. Clean all parameters for all variants
Change component parameters (AddParameter): Name = "ComponentLink1Description"; Value = "http://www.samtec.com/documents/webfiles/pdf/SSQ_TH.PDF?src-supplier=Avnet"; VariantName = "[No Variations]"
Change component parameters (AddParameter): Name = "ComponentLink1URL"; Value = "http://www.samtec.com/documents/webfiles/pdf/SSQ_TH.PDF?src-supplier=Avnet"; VariantName = "[No Variations]"
Change component parameters (AddParameter): Name = "Contact Plating"; Value = "Gold"; VariantName = "[No Variations]"
Change component parameters (AddParameter): Name = "Gender"; Value = "Female"; VariantName = "[No Variations]"
Change component parameters (AddParameter): Name = "Manufacturer"; Value = "Samtec"; VariantName = "[No Variations]"
Change component parameters (AddParameter): Name = "Manufacturer Part Number"; Value = "SSW-140-23-G-D"; VariantName = "[No Variations]"
Change component parameters (AddParameter): Name = "Mount"; Value = "Through Hole"; VariantName = "[No Variations]"
Change component parameters (AddParameter): Name = "Number of Contacts"; Value = "80"; VariantName = "[No Variations]"
Change component parameters (AddParameter): Name = "Number of Rows"; Value = "2"; VariantName = "[No Variations]"
Change component parameters (AddParameter): Name = "Packaging"; Value = "Bulk"; VariantName = "[No Variations]"
Change component parameters (AddParameter): Name = "Pitch"; Value = "2.54mm"; VariantName = "[No Variations]"
Change component parameters (AddParameter): Name = "Pricing 1"; Value = "1=13.99000, 10=13.29000, 25=12.59000, 50=12.09000, 100=11.29000 (USD)"; VariantName = "[No Variations]"
Change component parameters (AddParameter): Name = "Radiation Hardening"; Value = "No"; VariantName = "[No Variations]"
Change component parameters (AddParameter): Name = "RoHS"; Value = "Yes"; VariantName = "[No Variations]"
Change component parameters (AddParameter): Name = "Stock 1"; Value = "0"; VariantName = "[No Variations]"
Change component parameters (AddParameter): Name = "Supplier 1"; Value = "Avnet"; VariantName = "[No Variations]"
Change component parameters (AddParameter): Name = "Supplier Part Number 1"; Value = "SSW-140-23-G-D"; VariantName = "[No Variations]"
Change component parameters (AddParameter): Name = "Termination"; Value = "Solder"; VariantName = "[No Variations]"
Added Pin To Net: NetName=+3.3 Pin=CN1-1
Added Pin To Net: NetName=+3.3 Pin=CN1-3
Added Pin To Net: NetName=+5 Pin=CN1-5
Added Pin To Net: NetName=+5 Pin=CN1-7
Added Pin To Net: NetName=PC11 Pin=CN1-10
Added Pin To Net: NetName=+5 Pin=CN1-14
Added Pin To Net: NetName=GND Pin=CN1-16
Added Pin To Net: NetName=NRST Pin=CN1-22
Added Pin To Net: NetName=5V Pin=CN1-26
Added Pin To Net: NetName=GND Pin=CN1-27
Added Pin To Net: NetName=GND Pin=CN1-28
Added Pin To Net: NetName=GND Pin=CN1-30
Added Pin To Net: NetName=GND Pin=CN1-59
Added Pin To Net: NetName=GND Pin=CN1-70
Added Pin To Net: NetName=PD9 Pin=CN1-79
Added Pin To Net: NetName=PG11 Pin=CN1-80
Added Pin To Net: NetName=+3.3 Pin=CN2-1
Added Pin To Net: NetName=+12 Pin=CN2-2
Added Pin To Net: NetName=+3.3 Pin=CN2-3
Added Pin To Net: NetName=+12 Pin=CN2-4
Added Pin To Net: NetName=+5 Pin=CN2-5
Added Pin To Net: NetName=-5 Pin=CN2-6
Added Pin To Net: NetName=+5 Pin=CN2-7
Added Pin To Net: NetName=-5 Pin=CN2-8
Added Pin To Net: NetName=PC9 Pin=CN2-9
Added Pin To Net: NetName=GND Pin=CN2-17
Added Pin To Net: NetName=PA12 Pin=CN2-20
Added Pin To Net: NetName=GND Pin=CN2-28
Added Pin To Net: NetName=GND Pin=CN2-49
Added Pin To Net: NetName=GND Pin=CN2-64
Added Pin To Net: NetName=PF11 Pin=CN2-72
Added Pin To Net: NetName=GND Pin=CN2-73
Added Pin To Net: NetName=PE0 Pin=CN2-74
Added Pin To Net: NetName=PC6 Pin=U4-11
Added Pin To Net: NetName=PC6 Pin=U4-20
Change Net Name : Old Net Name=AGND New Net Name=PB1
Change Net Name : Old Net Name=IOREF New Net Name=PD2
Change Net Name : Old Net Name=NetCN1_69 New Net Name=PG0
Change Net Name : Old Net Name=NetCN2_12 New Net Name=PC6
Change Net Name : Old Net Name=NetCN2_14 New Net Name=PC5
Change Net Name : Old Net Name=PA2 New Net Name=PB4
Change Net Name : Old Net Name=PA3 New Net Name=PB5
Change Net Name : Old Net Name=PA4 New Net Name=VIN
Change Net Name : Old Net Name=PA5 New Net Name=PB8
Change Net Name : Old Net Name=PA6 New Net Name=PB9
Change Net Name : Old Net Name=PA8 New Net Name=PA7
Change Net Name : Old Net Name=PA9 New Net Name=PA6
Change Net Name : Old Net Name=PA10 New Net Name=PB10
Change Net Name : Old Net Name=PA13 New Net Name=3V3_VDD
Change Net Name : Old Net Name=PA14 New Net Name=BOOT0
Change Net Name : Old Net Name=PA15 New Net Name=PF6
Change Net Name : Old Net Name=PB1 New Net Name=PB12
Change Net Name : Old Net Name=PB2 New Net Name=PA11
Change Net Name : Old Net Name=PB3 New Net Name=PA8
Change Net Name : Old Net Name=PB4 New Net Name=PC7
Change Net Name : Old Net Name=PB5 New Net Name=PA9
Change Net Name : Old Net Name=PB7 New Net Name=PA13
Change Net Name : Old Net Name=PB10 New Net Name=PB6
Change Net Name : Old Net Name=PB11 New Net Name=PD8
Change Net Name : Old Net Name=PB12 New Net Name=5V_USB_STLK
Change Net Name : Old Net Name=PB13 New Net Name=PB2
Change Net Name : Old Net Name=PB15 New Net Name=PB11
Change Net Name : Old Net Name=PC0 New Net Name=PA1
Change Net Name : Old Net Name=PC1 New Net Name=PA0
Change Net Name : Old Net Name=PC2 New Net Name=PC15
Change Net Name : Old Net Name=PC3 New Net Name=PH0
Change Net Name : Old Net Name=PC4 New Net Name=PB15
Change Net Name : Old Net Name=PC7 New Net Name=PA5
Change Net Name : Old Net Name=PC13 New Net Name=PA14
Change Net Name : Old Net Name=PC14 New Net Name=PA15
Change Net Name : Old Net Name=PD0 New Net Name=PE3
Change Net Name : Old Net Name=PD1 New Net Name=PD7
Change Net Name : Old Net Name=PD3 New Net Name=PA4
Change Net Name : Old Net Name=PD4 New Net Name=PH1
Change Net Name : Old Net Name=PD5 New Net Name=VBAT
Change Net Name : Old Net Name=PD6 New Net Name=PC2
Change Net Name : Old Net Name=PD7 New Net Name=PC3
Change Net Name : Old Net Name=PD10 New Net Name=PE13
Change Net Name : Old Net Name=PD11 New Net Name=PA3
Change Net Name : Old Net Name=PD12 New Net Name=PA2
Change Net Name : Old Net Name=PD13 New Net Name=PA10
Change Net Name : Old Net Name=PD14 New Net Name=PF4
Change Net Name : Old Net Name=PE1 New Net Name=PF1
Change Net Name : Old Net Name=PE2 New Net Name=PC0
Change Net Name : Old Net Name=PE5 New Net Name=PD3
Change Net Name : Old Net Name=PE6 New Net Name=PF2
Change Net Name : Old Net Name=PE7 New Net Name=PF5
Change Net Name : Old Net Name=PE8 New Net Name=AGND
Change Net Name : Old Net Name=PE9 New Net Name=PF10
Change Net Name : Old Net Name=PE11 New Net Name=PD14
Change Net Name : Old Net Name=PE13 New Net Name=PD11
Change Net Name : Old Net Name=PE14 New Net Name=PD13
Change Net Name : Old Net Name=PE15 New Net Name=PD12
Change Net Name : Old Net Name=PF0 New Net Name=PD6
Change Net Name : Old Net Name=PF1 New Net Name=PD5
Change Net Name : Old Net Name=PF2 New Net Name=PG2
Change Net Name : Old Net Name=PF3 New Net Name=PD15
Change Net Name : Old Net Name=PF4 New Net Name=PB13
Change Net Name : Old Net Name=PF5 New Net Name=PB14
Change Net Name : Old Net Name=PF6 New Net Name=PC10
Change Net Name : Old Net Name=PF7 New Net Name=PC12
Change Net Name : Old Net Name=PF8 New Net Name=PG3
Change Net Name : Old Net Name=PF9 New Net Name=PE2
Change Net Name : Old Net Name=PF10 New Net Name=PC4
Change Net Name : Old Net Name=PF12 New Net Name=PE12
Change Net Name : Old Net Name=PF13 New Net Name=PE10
Change Net Name : Old Net Name=PF14 New Net Name=PE8
Change Net Name : Old Net Name=PF15 New Net Name=PF14
Change Net Name : Old Net Name=PG1 New Net Name=PE4
Change Net Name : Old Net Name=PG2 New Net Name=PB0
Change Net Name : Old Net Name=PG3 New Net Name=PC1
Change Net Name : Old Net Name=PG4 New Net Name=PF12
Change Net Name : Old Net Name=PG5 New Net Name=PF3
Change Net Name : Old Net Name=PG6 New Net Name=PF15
Change Net Name : Old Net Name=PG7 New Net Name=PF13
Change Net Name : Old Net Name=PG8 New Net Name=PE11
Change Net Name : Old Net Name=PG9 New Net Name=PF0
Change Net Name : Old Net Name=PG10 New Net Name=PF9
Change Net Name : Old Net Name=PG12 New Net Name=PD1
Change Net Name : Old Net Name=PG13 New Net Name=PG1
Change Net Name : Old Net Name=PG14 New Net Name=PE14
Change Net Name : Old Net Name=PG15 New Net Name=PF8
Change Net Name : Old Net Name=PH0 New Net Name=PB7
Change Net Name : Old Net Name=PH1 New Net Name=PC13
Change Net Name : Old Net Name=VBAT New Net Name=PC14
Change Net Name : Old Net Name=VIN New Net Name=3V3
Added Pin To Net: NetName=+5R Pin=CN1-6
Added Pin To Net: NetName=+5R Pin=CN1-8
Added Net: Name=+5R
Added Pin To Net: NetName=IOREF Pin=CN1-20
Added Net: Name=IOREF
Added Pin To Net: NetName=PB3 Pin=CN2-39
Added Net: Name=PB3
Added Pin To Net: NetName=PD0 Pin=CN1-67
Added Net: Name=PD0
Added Pin To Net: NetName=PD4 Pin=CN1-49
Added Net: Name=PD4
Added Pin To Net: NetName=PD10 Pin=CN2-75
Added Net: Name=PD10
Added Pin To Net: NetName=PE1 Pin=CN1-71
Added Net: Name=PE1
Added Pin To Net: NetName=PE5 Pin=CN1-60
Added Net: Name=PE5
Added Pin To Net: NetName=PE6 Pin=CN1-72
Added Net: Name=PE6
Added Pin To Net: NetName=PE7 Pin=CN2-54
Added Net: Name=PE7
Added Pin To Net: NetName=PE15 Pin=CN2-63
Added Net: Name=PE15
Added Pin To Net: NetName=PF7 Pin=CN1-19
Added Net: Name=PF7
Added Pin To Net: NetName=PG4 Pin=CN2-79
Added Net: Name=PG4
Added Pin To Net: NetName=PG5 Pin=CN2-78
Added Net: Name=PG5
Added Pin To Net: NetName=PG6 Pin=CN2-80
Added Net: Name=PG6
Added Pin To Net: NetName=PG7 Pin=CN2-77
Added Net: Name=PG7
Added Pin To Net: NetName=PG8 Pin=CN2-76
Added Net: Name=PG8
Added Pin To Net: NetName=PG9 Pin=CN1-73
Added Net: Name=PG9
Added Pin To Net: NetName=PG10 Pin=CN1-76
Added Net: Name=PG10
Added Pin To Net: NetName=PG12 Pin=CN1-75
Added Net: Name=PG12
Added Pin To Net: NetName=PG13 Pin=CN1-78
Added Net: Name=PG13
Added Pin To Net: NetName=PG14 Pin=CN2-71
Added Net: Name=PG14
Added Pin To Net: NetName=PG15 Pin=CN1-74
Added Net: Name=PG15
Added Pin To Net: NetName=ZSupply Pin=CN1-2
Added Pin To Net: NetName=ZSupply Pin=CN1-4
Added Net: Name=ZSupply
